<?xml version="1.0" encoding="UTF-8"?>
<!-- Generated by org.testng.reporters.JUnitXMLReporter -->
<testsuite ignored="0" hostname="LAPTOP-000QSFU6" failures="0" tests="3" name="Test" time="37.442" errors="0" timestamp="2024-01-31T16:18:39 IST">
  <testcase classname="BatchExecution.ToOpenDemowebshop" name="instagram" time="26.881"/>
  <testcase classname="BatchExecution.ToOpenInstagram" name="instagram" time="29.594"/>
  <testcase classname="BatchExecution.ToOpenFastrack" name="instagram" time="37.382"/>
</testsuite> <!-- Test -->
