<?xml version="1.0" encoding="UTF-8"?>
<!-- Generated by org.testng.reporters.JUnitXMLReporter -->
<testsuite ignored="0" hostname="LAPTOP-000QSFU6" failures="0" tests="4" name="Default test" time="19.408" errors="0" timestamp="2024-02-09T15:28:45 IST">
  <testcase classname="page_Object_Model.Test_Class" name="login" time="2.108"/>
  <testcase classname="page_Object_Model.Test_Class" name="digital_Downloads" time="0.987"/>
  <testcase classname="page_Object_Model.Test_Class" name="shoppingCart" time="2.486"/>
  <testcase classname="page_Object_Model.Test_Class" name="checkout" time="2.656"/>
</testsuite> <!-- Default test -->
