<?xml version="1.0" encoding="UTF-8"?>
<!-- Generated by org.testng.reporters.JUnitXMLReporter -->
<testsuite ignored="0" hostname="LAPTOP-000QSFU6" failures="0" tests="10" name="Test" time="109.852" errors="0" timestamp="2023-12-28T23:31:26 IST">
  <testcase classname="advanceSelenium.TC_DWS_008" name="toNavigateToMyAccountPage" time="0.655"/>
  <testcase classname="advanceSelenium.TC_DWS_007" name="toNavigateToGiftsCardPage" time="0.798"/>
  <testcase classname="advanceSelenium.TC_DWS_009" name="toNavigateToShoppingCartPage" time="0.687"/>
  <testcase classname="advanceSelenium.TC_DWS_010" name="toNavigateToWishlistPage" time="0.561"/>
  <testcase classname="advanceSelenium.TC_DWS_002" name="toNavigateToComputersPage" time="0.805"/>
  <testcase classname="advanceSelenium.TC_DWS_001" name="toNavigateToBooksPage" time="0.928"/>
  <testcase classname="advanceSelenium.TC_DWS_004" name="toNavigateToApparelsAndShoesPage" time="0.967"/>
  <testcase classname="advanceSelenium.TC_DWS_003" name="toNavigateToElectronicsPage" time="0.864"/>
  <testcase classname="advanceSelenium.TC_DWS_006" name="toNavigateToJewelryPage" time="0.953"/>
  <testcase classname="advanceSelenium.TC_DWS_005" name="toNavigateToDigitalDownloadsPage" time="0.796"/>
</testsuite> <!-- Test -->
